<?xml version="1.0" encoding="UTF-8"?>
<coverage generated="1684205493490" clover="3.2.0">
  <project timestamp="1684205493490" name="All files">
    <metrics statements="54" coveredstatements="19" conditionals="6" coveredconditionals="5" methods="22" coveredmethods="3" elements="82" coveredelements="27" complexity="0" loc="54" ncloc="54" packages="3" files="5" classes="5"/>
    <package name="src">
      <metrics statements="18" coveredstatements="3" conditionals="0" coveredconditionals="0" methods="9" coveredmethods="0"/>
      <file name="parse.js" path="/Users/xintongmi/code/hack-reactor/RFP2303/e-commerce/client/src/parse.js">
        <metrics statements="18" coveredstatements="3" conditionals="0" coveredconditionals="0" methods="9" coveredmethods="0"/>
        <line num="1" count="1" type="stmt"/>
        <line num="3" count="1" type="stmt"/>
        <line num="5" count="0" type="stmt"/>
        <line num="6" count="0" type="stmt"/>
        <line num="9" count="0" type="stmt"/>
        <line num="10" count="0" type="stmt"/>
        <line num="13" count="0" type="stmt"/>
        <line num="18" count="0" type="stmt"/>
        <line num="19" count="0" type="stmt"/>
        <line num="22" count="0" type="stmt"/>
        <line num="23" count="0" type="stmt"/>
        <line num="26" count="0" type="stmt"/>
        <line num="31" count="0" type="stmt"/>
        <line num="32" count="0" type="stmt"/>
        <line num="35" count="0" type="stmt"/>
        <line num="36" count="0" type="stmt"/>
        <line num="39" count="0" type="stmt"/>
        <line num="44" count="1" type="stmt"/>
      </file>
    </package>
    <package name="src.components">
      <metrics statements="10" coveredstatements="1" conditionals="0" coveredconditionals="0" methods="5" coveredmethods="0"/>
      <file name="GlobalContext.jsx" path="/Users/xintongmi/code/hack-reactor/RFP2303/e-commerce/client/src/components/GlobalContext.jsx">
        <metrics statements="10" coveredstatements="1" conditionals="0" coveredconditionals="0" methods="5" coveredmethods="0"/>
        <line num="6" count="1" type="stmt"/>
        <line num="9" count="0" type="stmt"/>
        <line num="10" count="0" type="stmt"/>
        <line num="11" count="0" type="stmt"/>
        <line num="12" count="0" type="stmt"/>
        <line num="15" count="0" type="stmt"/>
        <line num="16" count="0" type="stmt"/>
        <line num="17" count="0" type="stmt"/>
        <line num="19" count="0" type="stmt"/>
        <line num="23" count="0" type="stmt"/>
      </file>
    </package>
    <package name="src.components.overview">
      <metrics statements="26" coveredstatements="15" conditionals="6" coveredconditionals="5" methods="8" coveredmethods="3"/>
      <file name="OverviewContext.jsx" path="/Users/xintongmi/code/hack-reactor/RFP2303/e-commerce/client/src/components/overview/OverviewContext.jsx">
        <metrics statements="12" coveredstatements="1" conditionals="0" coveredconditionals="0" methods="5" coveredmethods="0"/>
        <line num="11" count="1" type="stmt"/>
        <line num="14" count="0" type="stmt"/>
        <line num="15" count="0" type="stmt"/>
        <line num="16" count="0" type="stmt"/>
        <line num="17" count="0" type="stmt"/>
        <line num="18" count="0" type="stmt"/>
        <line num="26" count="0" type="stmt"/>
        <line num="27" count="0" type="stmt"/>
        <line num="29" count="0" type="stmt"/>
        <line num="30" count="0" type="stmt"/>
        <line num="33" count="0" type="stmt"/>
        <line num="37" count="0" type="stmt"/>
      </file>
      <file name="StyleSelector.jsx" path="/Users/xintongmi/code/hack-reactor/RFP2303/e-commerce/client/src/components/overview/StyleSelector.jsx">
        <metrics statements="12" coveredstatements="12" conditionals="6" coveredconditionals="5" methods="3" coveredmethods="3"/>
        <line num="5" count="1" type="stmt"/>
        <line num="12" count="1" type="stmt"/>
        <line num="16" count="1" type="stmt"/>
        <line num="20" count="1" type="stmt"/>
        <line num="24" count="1" type="stmt"/>
        <line num="30" count="1" type="stmt"/>
        <line num="34" count="1" type="stmt"/>
        <line num="42" count="1" type="stmt"/>
        <line num="60" count="6" type="stmt"/>
        <line num="62" count="6" type="stmt"/>
        <line num="76" count="12" type="stmt"/>
        <line num="79" count="1" type="stmt"/>
      </file>
      <file name="mockProductData.js" path="/Users/xintongmi/code/hack-reactor/RFP2303/e-commerce/client/src/components/overview/mockProductData.js">
        <metrics statements="2" coveredstatements="2" conditionals="0" coveredconditionals="0" methods="0" coveredmethods="0"/>
        <line num="1" count="1" type="stmt"/>
        <line num="19" count="1" type="stmt"/>
      </file>
    </package>
  </project>
</coverage>
