{"/Users/xintongmi/code/hack-reactor/RFP2303/e-commerce/client/src/parse.js": {"path":"/Users/xintongmi/code/hack-reactor/RFP2303/e-commerce/client/src/parse.js","statementMap":{"0":{"start":{"line":1,"column":14},"end":{"line":1,"column":30}},"1":{"start":{"line":3,"column":14},"end":{"line":42,"column":1}},"2":{"start":{"line":5,"column":4},"end":{"line":5,"column":33}},"3":{"start":{"line":6,"column":4},"end":{"line":14,"column":9}},"4":{"start":{"line":9,"column":8},"end":{"line":9,"column":64}},"5":{"start":{"line":10,"column":8},"end":{"line":10,"column":24}},"6":{"start":{"line":13,"column":8},"end":{"line":13,"column":46}},"7":{"start":{"line":18,"column":4},"end":{"line":18,"column":34}},"8":{"start":{"line":19,"column":4},"end":{"line":27,"column":9}},"9":{"start":{"line":22,"column":8},"end":{"line":22,"column":43}},"10":{"start":{"line":23,"column":8},"end":{"line":23,"column":19}},"11":{"start":{"line":26,"column":8},"end":{"line":26,"column":43}},"12":{"start":{"line":31,"column":4},"end":{"line":31,"column":33}},"13":{"start":{"line":32,"column":4},"end":{"line":40,"column":9}},"14":{"start":{"line":35,"column":8},"end":{"line":35,"column":42}},"15":{"start":{"line":36,"column":8},"end":{"line":36,"column":19}},"16":{"start":{"line":39,"column":8},"end":{"line":39,"column":42}},"17":{"start":{"line":44,"column":0},"end":{"line":44,"column":23}}},"fnMap":{"0":{"name":"(anonymous_0)","decl":{"start":{"line":4,"column":7},"end":{"line":4,"column":8}},"loc":{"start":{"line":4,"column":16},"end":{"line":15,"column":3}},"line":4},"1":{"name":"(anonymous_1)","decl":{"start":{"line":8,"column":12},"end":{"line":8,"column":13}},"loc":{"start":{"line":8,"column":21},"end":{"line":11,"column":7}},"line":8},"2":{"name":"(anonymous_2)","decl":{"start":{"line":12,"column":13},"end":{"line":12,"column":14}},"loc":{"start":{"line":12,"column":22},"end":{"line":14,"column":7}},"line":12},"3":{"name":"(anonymous_3)","decl":{"start":{"line":17,"column":8},"end":{"line":17,"column":9}},"loc":{"start":{"line":17,"column":23},"end":{"line":28,"column":3}},"line":17},"4":{"name":"(anonymous_4)","decl":{"start":{"line":21,"column":12},"end":{"line":21,"column":13}},"loc":{"start":{"line":21,"column":21},"end":{"line":24,"column":7}},"line":21},"5":{"name":"(anonymous_5)","decl":{"start":{"line":25,"column":12},"end":{"line":25,"column":13}},"loc":{"start":{"line":25,"column":21},"end":{"line":27,"column":7}},"line":25},"6":{"name":"(anonymous_6)","decl":{"start":{"line":30,"column":7},"end":{"line":30,"column":8}},"loc":{"start":{"line":30,"column":22},"end":{"line":41,"column":3}},"line":30},"7":{"name":"(anonymous_7)","decl":{"start":{"line":34,"column":12},"end":{"line":34,"column":13}},"loc":{"start":{"line":34,"column":21},"end":{"line":37,"column":7}},"line":34},"8":{"name":"(anonymous_8)","decl":{"start":{"line":38,"column":13},"end":{"line":38,"column":14}},"loc":{"start":{"line":38,"column":22},"end":{"line":40,"column":7}},"line":38}},"branchMap":{},"s":{"0":1,"1":1,"2":0,"3":0,"4":0,"5":0,"6":0,"7":0,"8":0,"9":0,"10":0,"11":0,"12":0,"13":0,"14":0,"15":0,"16":0,"17":1},"f":{"0":0,"1":0,"2":0,"3":0,"4":0,"5":0,"6":0,"7":0,"8":0},"b":{},"_coverageSchema":"1a1c01bbd47fc00a2c39e90264f33305004495a9","hash":"84144efec262867e6b7755a9e74f14ce8852ff92"}
,"/Users/xintongmi/code/hack-reactor/RFP2303/e-commerce/client/src/components/GlobalContext.jsx": {"path":"/Users/xintongmi/code/hack-reactor/RFP2303/e-commerce/client/src/components/GlobalContext.jsx","statementMap":{"0":{"start":{"line":6,"column":29},"end":{"line":6,"column":44}},"1":{"start":{"line":9,"column":36},"end":{"line":9,"column":51}},"2":{"start":{"line":10,"column":32},"end":{"line":10,"column":44}},"3":{"start":{"line":11,"column":28},"end":{"line":14,"column":3}},"4":{"start":{"line":12,"column":11},"end":{"line":12,"column":47}},"5":{"start":{"line":15,"column":2},"end":{"line":21,"column":18}},"6":{"start":{"line":16,"column":4},"end":{"line":20,"column":7}},"7":{"start":{"line":17,"column":6},"end":{"line":17,"column":23}},"8":{"start":{"line":19,"column":6},"end":{"line":19,"column":33}},"9":{"start":{"line":23,"column":2},"end":{"line":27,"column":4}}},"fnMap":{"0":{"name":"GlobalContextProvider","decl":{"start":{"line":8,"column":16},"end":{"line":8,"column":37}},"loc":{"start":{"line":8,"column":52},"end":{"line":28,"column":1}},"line":8},"1":{"name":"(anonymous_1)","decl":{"start":{"line":12,"column":4},"end":{"line":12,"column":5}},"loc":{"start":{"line":12,"column":11},"end":{"line":12,"column":47}},"line":12},"2":{"name":"(anonymous_2)","decl":{"start":{"line":15,"column":12},"end":{"line":15,"column":13}},"loc":{"start":{"line":15,"column":18},"end":{"line":21,"column":3}},"line":15},"3":{"name":"(anonymous_3)","decl":{"start":{"line":16,"column":45},"end":{"line":16,"column":46}},"loc":{"start":{"line":16,"column":55},"end":{"line":18,"column":5}},"line":16},"4":{"name":"(anonymous_4)","decl":{"start":{"line":18,"column":13},"end":{"line":18,"column":14}},"loc":{"start":{"line":18,"column":22},"end":{"line":20,"column":5}},"line":18}},"branchMap":{},"s":{"0":1,"1":0,"2":0,"3":0,"4":0,"5":0,"6":0,"7":0,"8":0,"9":0},"f":{"0":0,"1":0,"2":0,"3":0,"4":0},"b":{},"_coverageSchema":"1a1c01bbd47fc00a2c39e90264f33305004495a9","hash":"7c1e21684c3e8dac5034a77ba1b4be48d4292d95"}
,"/Users/xintongmi/code/hack-reactor/RFP2303/e-commerce/client/src/components/overview/OverviewContext.jsx": {"path":"/Users/xintongmi/code/hack-reactor/RFP2303/e-commerce/client/src/components/overview/OverviewContext.jsx","statementMap":{"0":{"start":{"line":11,"column":24},"end":{"line":11,"column":39}},"1":{"start":{"line":14,"column":24},"end":{"line":14,"column":49}},"2":{"start":{"line":15,"column":30},"end":{"line":15,"column":42}},"3":{"start":{"line":16,"column":44},"end":{"line":16,"column":56}},"4":{"start":{"line":17,"column":22},"end":{"line":24,"column":3}},"5":{"start":{"line":18,"column":11},"end":{"line":22,"column":5}},"6":{"start":{"line":26,"column":2},"end":{"line":35,"column":18}},"7":{"start":{"line":27,"column":4},"end":{"line":34,"column":9}},"8":{"start":{"line":29,"column":8},"end":{"line":29,"column":33}},"9":{"start":{"line":30,"column":8},"end":{"line":30,"column":43}},"10":{"start":{"line":33,"column":8},"end":{"line":33,"column":35}},"11":{"start":{"line":37,"column":2},"end":{"line":41,"column":4}}},"fnMap":{"0":{"name":"OverviewContextProvider","decl":{"start":{"line":13,"column":9},"end":{"line":13,"column":32}},"loc":{"start":{"line":13,"column":47},"end":{"line":42,"column":1}},"line":13},"1":{"name":"(anonymous_1)","decl":{"start":{"line":18,"column":4},"end":{"line":18,"column":5}},"loc":{"start":{"line":18,"column":11},"end":{"line":22,"column":5}},"line":18},"2":{"name":"(anonymous_2)","decl":{"start":{"line":26,"column":12},"end":{"line":26,"column":13}},"loc":{"start":{"line":26,"column":18},"end":{"line":35,"column":3}},"line":26},"3":{"name":"(anonymous_3)","decl":{"start":{"line":28,"column":12},"end":{"line":28,"column":13}},"loc":{"start":{"line":28,"column":22},"end":{"line":31,"column":7}},"line":28},"4":{"name":"(anonymous_4)","decl":{"start":{"line":32,"column":13},"end":{"line":32,"column":14}},"loc":{"start":{"line":32,"column":22},"end":{"line":34,"column":7}},"line":32}},"branchMap":{},"s":{"0":1,"1":0,"2":0,"3":0,"4":0,"5":0,"6":0,"7":0,"8":0,"9":0,"10":0,"11":0},"f":{"0":0,"1":0,"2":0,"3":0,"4":0},"b":{},"_coverageSchema":"1a1c01bbd47fc00a2c39e90264f33305004495a9","hash":"778df3dbee600546653599a5061894c176737116"}
,"/Users/xintongmi/code/hack-reactor/RFP2303/e-commerce/client/src/components/overview/StyleSelector.jsx": {"path":"/Users/xintongmi/code/hack-reactor/RFP2303/e-commerce/client/src/components/overview/StyleSelector.jsx","statementMap":{"0":{"start":{"line":5,"column":13},"end":{"line":10,"column":1}},"1":{"start":{"line":12,"column":19},"end":{"line":14,"column":1}},"2":{"start":{"line":16,"column":20},"end":{"line":18,"column":1}},"3":{"start":{"line":20,"column":22},"end":{"line":22,"column":1}},"4":{"start":{"line":24,"column":18},"end":{"line":28,"column":1}},"5":{"start":{"line":30,"column":32},"end":{"line":32,"column":1}},"6":{"start":{"line":34,"column":23},"end":{"line":40,"column":1}},"7":{"start":{"line":42,"column":18},"end":{"line":57,"column":1}},"8":{"start":{"line":60,"column":54},"end":{"line":60,"column":81}},"9":{"start":{"line":62,"column":2},"end":{"line":93,"column":4}},"10":{"start":{"line":76,"column":10},"end":{"line":89,"column":36}},"11":{"start":{"line":79,"column":14},"end":{"line":79,"column":38}}},"fnMap":{"0":{"name":"StyleSelector","decl":{"start":{"line":59,"column":9},"end":{"line":59,"column":22}},"loc":{"start":{"line":59,"column":25},"end":{"line":94,"column":1}},"line":59},"1":{"name":"(anonymous_1)","decl":{"start":{"line":75,"column":30},"end":{"line":75,"column":31}},"loc":{"start":{"line":76,"column":10},"end":{"line":89,"column":36}},"line":76},"2":{"name":"(anonymous_2)","decl":{"start":{"line":78,"column":21},"end":{"line":78,"column":22}},"loc":{"start":{"line":78,"column":27},"end":{"line":80,"column":13}},"line":78}},"branchMap":{"0":{"loc":{"start":{"line":67,"column":11},"end":{"line":71,"column":11}},"type":"cond-expr","locations":[{"start":{"line":68,"column":12},"end":{"line":68,"column":45}},{"start":{"line":70,"column":12},"end":{"line":70,"column":39}}],"line":67},"1":{"loc":{"start":{"line":75,"column":9},"end":{"line":90,"column":10}},"type":"binary-expr","locations":[{"start":{"line":75,"column":9},"end":{"line":75,"column":15}},{"start":{"line":75,"column":19},"end":{"line":90,"column":10}}],"line":75},"2":{"loc":{"start":{"line":86,"column":13},"end":{"line":88,"column":13}},"type":"binary-expr","locations":[{"start":{"line":86,"column":13},"end":{"line":86,"column":54}},{"start":{"line":87,"column":14},"end":{"line":87,"column":62}}],"line":86}},"s":{"0":1,"1":1,"2":1,"3":1,"4":1,"5":1,"6":1,"7":1,"8":6,"9":6,"10":12,"11":1},"f":{"0":6,"1":12,"2":1},"b":{"0":[6,0],"1":[6,6],"2":[12,6]},"_coverageSchema":"1a1c01bbd47fc00a2c39e90264f33305004495a9","hash":"ea581a697d496b4ae0518aae90f25574fb4e3255"}
,"/Users/xintongmi/code/hack-reactor/RFP2303/e-commerce/client/src/components/overview/mockProductData.js": {"path":"/Users/xintongmi/code/hack-reactor/RFP2303/e-commerce/client/src/components/overview/mockProductData.js","statementMap":{"0":{"start":{"line":1,"column":27},"end":{"line":17,"column":1}},"1":{"start":{"line":19,"column":26},"end":{"line":73,"column":1}}},"fnMap":{},"branchMap":{},"s":{"0":1,"1":1},"f":{},"b":{},"_coverageSchema":"1a1c01bbd47fc00a2c39e90264f33305004495a9","hash":"aaf13e671ccf012ec6f60a47baec30cb07186d87"}
}
