{"/Users/aliyahindra/Desktop/FEC-Apricot/e-commerce/client/src/parse.js": {"path":"/Users/aliyahindra/Desktop/FEC-Apricot/e-commerce/client/src/parse.js","statementMap":{"0":{"start":{"line":1,"column":14},"end":{"line":1,"column":30}},"1":{"start":{"line":3,"column":14},"end":{"line":42,"column":1}},"2":{"start":{"line":5,"column":4},"end":{"line":5,"column":33}},"3":{"start":{"line":6,"column":4},"end":{"line":14,"column":9}},"4":{"start":{"line":9,"column":8},"end":{"line":9,"column":64}},"5":{"start":{"line":10,"column":8},"end":{"line":10,"column":24}},"6":{"start":{"line":13,"column":8},"end":{"line":13,"column":46}},"7":{"start":{"line":18,"column":4},"end":{"line":18,"column":34}},"8":{"start":{"line":19,"column":4},"end":{"line":27,"column":9}},"9":{"start":{"line":22,"column":8},"end":{"line":22,"column":43}},"10":{"start":{"line":23,"column":8},"end":{"line":23,"column":19}},"11":{"start":{"line":26,"column":8},"end":{"line":26,"column":43}},"12":{"start":{"line":31,"column":4},"end":{"line":31,"column":33}},"13":{"start":{"line":32,"column":4},"end":{"line":40,"column":9}},"14":{"start":{"line":35,"column":8},"end":{"line":35,"column":42}},"15":{"start":{"line":36,"column":8},"end":{"line":36,"column":19}},"16":{"start":{"line":39,"column":8},"end":{"line":39,"column":42}},"17":{"start":{"line":44,"column":0},"end":{"line":44,"column":23}}},"fnMap":{"0":{"name":"(anonymous_0)","decl":{"start":{"line":4,"column":7},"end":{"line":4,"column":8}},"loc":{"start":{"line":4,"column":16},"end":{"line":15,"column":3}},"line":4},"1":{"name":"(anonymous_1)","decl":{"start":{"line":8,"column":12},"end":{"line":8,"column":13}},"loc":{"start":{"line":8,"column":21},"end":{"line":11,"column":7}},"line":8},"2":{"name":"(anonymous_2)","decl":{"start":{"line":12,"column":13},"end":{"line":12,"column":14}},"loc":{"start":{"line":12,"column":22},"end":{"line":14,"column":7}},"line":12},"3":{"name":"(anonymous_3)","decl":{"start":{"line":17,"column":8},"end":{"line":17,"column":9}},"loc":{"start":{"line":17,"column":23},"end":{"line":28,"column":3}},"line":17},"4":{"name":"(anonymous_4)","decl":{"start":{"line":21,"column":12},"end":{"line":21,"column":13}},"loc":{"start":{"line":21,"column":21},"end":{"line":24,"column":7}},"line":21},"5":{"name":"(anonymous_5)","decl":{"start":{"line":25,"column":12},"end":{"line":25,"column":13}},"loc":{"start":{"line":25,"column":21},"end":{"line":27,"column":7}},"line":25},"6":{"name":"(anonymous_6)","decl":{"start":{"line":30,"column":7},"end":{"line":30,"column":8}},"loc":{"start":{"line":30,"column":22},"end":{"line":41,"column":3}},"line":30},"7":{"name":"(anonymous_7)","decl":{"start":{"line":34,"column":12},"end":{"line":34,"column":13}},"loc":{"start":{"line":34,"column":21},"end":{"line":37,"column":7}},"line":34},"8":{"name":"(anonymous_8)","decl":{"start":{"line":38,"column":13},"end":{"line":38,"column":14}},"loc":{"start":{"line":38,"column":22},"end":{"line":40,"column":7}},"line":38}},"branchMap":{},"s":{"0":7,"1":7,"2":56,"3":56,"4":0,"5":0,"6":35,"7":0,"8":0,"9":0,"10":0,"11":0,"12":2,"13":2,"14":0,"15":0,"16":0,"17":7},"f":{"0":56,"1":0,"2":35,"3":0,"4":0,"5":0,"6":2,"7":0,"8":0},"b":{},"_coverageSchema":"1a1c01bbd47fc00a2c39e90264f33305004495a9","hash":"bf2df5e56a3406413fc75dde76def3b93919f9f7"}
,"/Users/aliyahindra/Desktop/FEC-Apricot/e-commerce/client/src/components/GlobalContext.jsx": {"path":"/Users/aliyahindra/Desktop/FEC-Apricot/e-commerce/client/src/components/GlobalContext.jsx","statementMap":{"0":{"start":{"line":6,"column":29},"end":{"line":6,"column":44}},"1":{"start":{"line":9,"column":36},"end":{"line":9,"column":51}},"2":{"start":{"line":10,"column":32},"end":{"line":10,"column":44}},"3":{"start":{"line":11,"column":24},"end":{"line":14,"column":3}},"4":{"start":{"line":12,"column":11},"end":{"line":12,"column":47}},"5":{"start":{"line":15,"column":2},"end":{"line":18,"column":5}},"6":{"start":{"line":16,"column":4},"end":{"line":17,"column":40}},"7":{"start":{"line":17,"column":22},"end":{"line":17,"column":38}},"8":{"start":{"line":20,"column":2},"end":{"line":24,"column":4}}},"fnMap":{"0":{"name":"GlobalContextProvider","decl":{"start":{"line":8,"column":16},"end":{"line":8,"column":37}},"loc":{"start":{"line":8,"column":52},"end":{"line":25,"column":1}},"line":8},"1":{"name":"(anonymous_1)","decl":{"start":{"line":12,"column":4},"end":{"line":12,"column":5}},"loc":{"start":{"line":12,"column":11},"end":{"line":12,"column":47}},"line":12},"2":{"name":"(anonymous_2)","decl":{"start":{"line":15,"column":12},"end":{"line":15,"column":13}},"loc":{"start":{"line":15,"column":18},"end":{"line":18,"column":3}},"line":15},"3":{"name":"(anonymous_3)","decl":{"start":{"line":17,"column":12},"end":{"line":17,"column":13}},"loc":{"start":{"line":17,"column":22},"end":{"line":17,"column":38}},"line":17}},"branchMap":{},"s":{"0":7,"1":44,"2":44,"3":44,"4":38,"5":44,"6":41,"7":30,"8":44},"f":{"0":44,"1":38,"2":41,"3":30},"b":{},"_coverageSchema":"1a1c01bbd47fc00a2c39e90264f33305004495a9","hash":"0395efdc742813211f4e7dd8d3582068bf7067f3"}
,"/Users/aliyahindra/Desktop/FEC-Apricot/e-commerce/client/src/components/questions/AnswerForm.jsx": {"path":"/Users/aliyahindra/Desktop/FEC-Apricot/e-commerce/client/src/components/questions/AnswerForm.jsx","statementMap":{"0":{"start":{"line":10,"column":34},"end":{"line":10,"column":59}},"1":{"start":{"line":12,"column":38},"end":{"line":12,"column":50}},"2":{"start":{"line":13,"column":30},"end":{"line":13,"column":42}},"3":{"start":{"line":14,"column":32},"end":{"line":14,"column":44}},"4":{"start":{"line":15,"column":34},"end":{"line":15,"column":49}},"5":{"start":{"line":19,"column":21},"end":{"line":36,"column":3}},"6":{"start":{"line":20,"column":4},"end":{"line":20,"column":27}},"7":{"start":{"line":21,"column":4},"end":{"line":35,"column":5}},"8":{"start":{"line":22,"column":6},"end":{"line":22,"column":25}},"9":{"start":{"line":23,"column":6},"end":{"line":31,"column":73}},"10":{"start":{"line":28,"column":20},"end":{"line":28,"column":34}},"11":{"start":{"line":31,"column":24},"end":{"line":31,"column":71}},"12":{"start":{"line":33,"column":6},"end":{"line":33,"column":24}},"13":{"start":{"line":34,"column":6},"end":{"line":34,"column":29}},"14":{"start":{"line":38,"column":2},"end":{"line":95,"column":4}},"15":{"start":{"line":40,"column":44},"end":{"line":40,"column":62}},"16":{"start":{"line":48,"column":68},"end":{"line":48,"column":86}},"17":{"start":{"line":54,"column":66},"end":{"line":54,"column":99}},"18":{"start":{"line":58,"column":63},"end":{"line":58,"column":90}},"19":{"start":{"line":62,"column":63},"end":{"line":62,"column":91}},"20":{"start":{"line":76,"column":18},"end":{"line":76,"column":36}},"21":{"start":{"line":86,"column":31},"end":{"line":86,"column":49}}},"fnMap":{"0":{"name":"AnswerForm","decl":{"start":{"line":8,"column":9},"end":{"line":8,"column":19}},"loc":{"start":{"line":8,"column":74},"end":{"line":96,"column":1}},"line":8},"1":{"name":"(anonymous_1)","decl":{"start":{"line":19,"column":21},"end":{"line":19,"column":22}},"loc":{"start":{"line":19,"column":32},"end":{"line":36,"column":3}},"line":19},"2":{"name":"(anonymous_2)","decl":{"start":{"line":28,"column":14},"end":{"line":28,"column":15}},"loc":{"start":{"line":28,"column":20},"end":{"line":28,"column":34}},"line":28},"3":{"name":"(anonymous_3)","decl":{"start":{"line":31,"column":15},"end":{"line":31,"column":16}},"loc":{"start":{"line":31,"column":24},"end":{"line":31,"column":71}},"line":31},"4":{"name":"(anonymous_4)","decl":{"start":{"line":40,"column":38},"end":{"line":40,"column":39}},"loc":{"start":{"line":40,"column":44},"end":{"line":40,"column":62}},"line":40},"5":{"name":"(anonymous_5)","decl":{"start":{"line":48,"column":62},"end":{"line":48,"column":63}},"loc":{"start":{"line":48,"column":68},"end":{"line":48,"column":86}},"line":48},"6":{"name":"(anonymous_6)","decl":{"start":{"line":54,"column":55},"end":{"line":54,"column":56}},"loc":{"start":{"line":54,"column":66},"end":{"line":54,"column":99}},"line":54},"7":{"name":"(anonymous_7)","decl":{"start":{"line":58,"column":52},"end":{"line":58,"column":53}},"loc":{"start":{"line":58,"column":63},"end":{"line":58,"column":90}},"line":58},"8":{"name":"(anonymous_8)","decl":{"start":{"line":62,"column":52},"end":{"line":62,"column":53}},"loc":{"start":{"line":62,"column":63},"end":{"line":62,"column":91}},"line":62},"9":{"name":"(anonymous_9)","decl":{"start":{"line":75,"column":25},"end":{"line":75,"column":26}},"loc":{"start":{"line":75,"column":36},"end":{"line":78,"column":17}},"line":75},"10":{"name":"(anonymous_10)","decl":{"start":{"line":86,"column":25},"end":{"line":86,"column":26}},"loc":{"start":{"line":86,"column":31},"end":{"line":86,"column":49}},"line":86}},"branchMap":{"0":{"loc":{"start":{"line":21,"column":4},"end":{"line":35,"column":5}},"type":"if","locations":[{"start":{"line":21,"column":4},"end":{"line":35,"column":5}},{"start":{"line":32,"column":11},"end":{"line":35,"column":5}}],"line":21},"1":{"loc":{"start":{"line":21,"column":8},"end":{"line":21,"column":64}},"type":"binary-expr","locations":[{"start":{"line":21,"column":8},"end":{"line":21,"column":25}},{"start":{"line":21,"column":29},"end":{"line":21,"column":44}},{"start":{"line":21,"column":48},"end":{"line":21,"column":64}}],"line":21},"2":{"loc":{"start":{"line":46,"column":11},"end":{"line":46,"column":84}},"type":"binary-expr","locations":[{"start":{"line":46,"column":11},"end":{"line":46,"column":19}},{"start":{"line":46,"column":23},"end":{"line":46,"column":84}}],"line":46}},"s":{"0":14,"1":14,"2":14,"3":14,"4":14,"5":14,"6":1,"7":1,"8":0,"9":0,"10":0,"11":0,"12":1,"13":1,"14":14,"15":0,"16":0,"17":1,"18":1,"19":1,"20":1,"21":0},"f":{"0":14,"1":1,"2":0,"3":0,"4":0,"5":0,"6":1,"7":1,"8":1,"9":1,"10":0},"b":{"0":[0,1],"1":[1,0,0],"2":[14,1]},"_coverageSchema":"1a1c01bbd47fc00a2c39e90264f33305004495a9","hash":"9ce28ab853d8da9219fe0f9c4fdb078f8d0bf973"}
,"/Users/aliyahindra/Desktop/FEC-Apricot/e-commerce/client/src/components/questions/AnswerListEntry.jsx": {"path":"/Users/aliyahindra/Desktop/FEC-Apricot/e-commerce/client/src/components/questions/AnswerListEntry.jsx","statementMap":{"0":{"start":{"line":7,"column":26},"end":{"line":7,"column":44}},"1":{"start":{"line":8,"column":40},"end":{"line":8,"column":68}},"2":{"start":{"line":11,"column":4},"end":{"line":11,"column":24}},"3":{"start":{"line":15,"column":24},"end":{"line":23,"column":3}},"4":{"start":{"line":16,"column":4},"end":{"line":16,"column":27}},"5":{"start":{"line":17,"column":4},"end":{"line":17,"column":36}},"6":{"start":{"line":18,"column":4},"end":{"line":22,"column":73}},"7":{"start":{"line":21,"column":18},"end":{"line":21,"column":45}},"8":{"start":{"line":22,"column":22},"end":{"line":22,"column":71}},"9":{"start":{"line":25,"column":2},"end":{"line":45,"column":4}},"10":{"start":{"line":37,"column":85},"end":{"line":37,"column":105}},"11":{"start":{"line":41,"column":31},"end":{"line":41,"column":43}}},"fnMap":{"0":{"name":"AnswerListEntry","decl":{"start":{"line":6,"column":9},"end":{"line":6,"column":24}},"loc":{"start":{"line":6,"column":37},"end":{"line":46,"column":1}},"line":6},"1":{"name":"changeText","decl":{"start":{"line":10,"column":11},"end":{"line":10,"column":21}},"loc":{"start":{"line":10,"column":24},"end":{"line":12,"column":3}},"line":10},"2":{"name":"(anonymous_2)","decl":{"start":{"line":15,"column":24},"end":{"line":15,"column":25}},"loc":{"start":{"line":15,"column":35},"end":{"line":23,"column":3}},"line":15},"3":{"name":"(anonymous_3)","decl":{"start":{"line":21,"column":12},"end":{"line":21,"column":13}},"loc":{"start":{"line":21,"column":18},"end":{"line":21,"column":45}},"line":21},"4":{"name":"(anonymous_4)","decl":{"start":{"line":22,"column":13},"end":{"line":22,"column":14}},"loc":{"start":{"line":22,"column":22},"end":{"line":22,"column":71}},"line":22},"5":{"name":"(anonymous_5)","decl":{"start":{"line":37,"column":74},"end":{"line":37,"column":75}},"loc":{"start":{"line":37,"column":85},"end":{"line":37,"column":105}},"line":37},"6":{"name":"(anonymous_6)","decl":{"start":{"line":41,"column":25},"end":{"line":41,"column":26}},"loc":{"start":{"line":41,"column":31},"end":{"line":41,"column":43}},"line":41}},"branchMap":{},"s":{"0":6,"1":6,"2":1,"3":6,"4":1,"5":1,"6":1,"7":0,"8":0,"9":6,"10":1,"11":1},"f":{"0":6,"1":1,"2":1,"3":0,"4":0,"5":1,"6":1},"b":{},"_coverageSchema":"1a1c01bbd47fc00a2c39e90264f33305004495a9","hash":"25c835b91344f6785fcebe8edefcb90d6e2159a4"}
,"/Users/aliyahindra/Desktop/FEC-Apricot/e-commerce/client/src/components/questions/QuestionForm.jsx": {"path":"/Users/aliyahindra/Desktop/FEC-Apricot/e-commerce/client/src/components/questions/QuestionForm.jsx","statementMap":{"0":{"start":{"line":8,"column":24},"end":{"line":8,"column":49}},"1":{"start":{"line":9,"column":42},"end":{"line":9,"column":54}},"2":{"start":{"line":10,"column":34},"end":{"line":10,"column":46}},"3":{"start":{"line":11,"column":36},"end":{"line":11,"column":48}},"4":{"start":{"line":12,"column":38},"end":{"line":12,"column":53}},"5":{"start":{"line":14,"column":21},"end":{"line":30,"column":3}},"6":{"start":{"line":15,"column":4},"end":{"line":15,"column":27}},"7":{"start":{"line":16,"column":4},"end":{"line":29,"column":5}},"8":{"start":{"line":17,"column":6},"end":{"line":17,"column":23}},"9":{"start":{"line":18,"column":6},"end":{"line":25,"column":73}},"10":{"start":{"line":24,"column":20},"end":{"line":24,"column":58}},"11":{"start":{"line":25,"column":24},"end":{"line":25,"column":71}},"12":{"start":{"line":27,"column":6},"end":{"line":27,"column":26}},"13":{"start":{"line":28,"column":6},"end":{"line":28,"column":29}},"14":{"start":{"line":32,"column":2},"end":{"line":89,"column":4}},"15":{"start":{"line":34,"column":45},"end":{"line":34,"column":61}},"16":{"start":{"line":42,"column":68},"end":{"line":42,"column":84}},"17":{"start":{"line":48,"column":66},"end":{"line":48,"column":101}},"18":{"start":{"line":52,"column":63},"end":{"line":52,"column":94}},"19":{"start":{"line":56,"column":63},"end":{"line":56,"column":95}},"20":{"start":{"line":70,"column":18},"end":{"line":70,"column":36}},"21":{"start":{"line":80,"column":31},"end":{"line":80,"column":47}}},"fnMap":{"0":{"name":"QuestionFrom","decl":{"start":{"line":7,"column":9},"end":{"line":7,"column":21}},"loc":{"start":{"line":7,"column":37},"end":{"line":90,"column":1}},"line":7},"1":{"name":"(anonymous_1)","decl":{"start":{"line":14,"column":21},"end":{"line":14,"column":22}},"loc":{"start":{"line":14,"column":32},"end":{"line":30,"column":3}},"line":14},"2":{"name":"(anonymous_2)","decl":{"start":{"line":24,"column":14},"end":{"line":24,"column":15}},"loc":{"start":{"line":24,"column":20},"end":{"line":24,"column":58}},"line":24},"3":{"name":"(anonymous_3)","decl":{"start":{"line":25,"column":15},"end":{"line":25,"column":16}},"loc":{"start":{"line":25,"column":24},"end":{"line":25,"column":71}},"line":25},"4":{"name":"(anonymous_4)","decl":{"start":{"line":34,"column":39},"end":{"line":34,"column":40}},"loc":{"start":{"line":34,"column":45},"end":{"line":34,"column":61}},"line":34},"5":{"name":"(anonymous_5)","decl":{"start":{"line":42,"column":62},"end":{"line":42,"column":63}},"loc":{"start":{"line":42,"column":68},"end":{"line":42,"column":84}},"line":42},"6":{"name":"(anonymous_6)","decl":{"start":{"line":48,"column":55},"end":{"line":48,"column":56}},"loc":{"start":{"line":48,"column":66},"end":{"line":48,"column":101}},"line":48},"7":{"name":"(anonymous_7)","decl":{"start":{"line":52,"column":52},"end":{"line":52,"column":53}},"loc":{"start":{"line":52,"column":63},"end":{"line":52,"column":94}},"line":52},"8":{"name":"(anonymous_8)","decl":{"start":{"line":56,"column":52},"end":{"line":56,"column":53}},"loc":{"start":{"line":56,"column":63},"end":{"line":56,"column":95}},"line":56},"9":{"name":"(anonymous_9)","decl":{"start":{"line":69,"column":25},"end":{"line":69,"column":26}},"loc":{"start":{"line":69,"column":36},"end":{"line":72,"column":17}},"line":69},"10":{"name":"(anonymous_10)","decl":{"start":{"line":80,"column":25},"end":{"line":80,"column":26}},"loc":{"start":{"line":80,"column":31},"end":{"line":80,"column":47}},"line":80}},"branchMap":{"0":{"loc":{"start":{"line":16,"column":4},"end":{"line":29,"column":5}},"type":"if","locations":[{"start":{"line":16,"column":4},"end":{"line":29,"column":5}},{"start":{"line":26,"column":11},"end":{"line":29,"column":5}}],"line":16},"1":{"loc":{"start":{"line":16,"column":8},"end":{"line":16,"column":66}},"type":"binary-expr","locations":[{"start":{"line":16,"column":8},"end":{"line":16,"column":27}},{"start":{"line":16,"column":31},"end":{"line":16,"column":46}},{"start":{"line":16,"column":50},"end":{"line":16,"column":66}}],"line":16},"2":{"loc":{"start":{"line":40,"column":13},"end":{"line":40,"column":88}},"type":"binary-expr","locations":[{"start":{"line":40,"column":13},"end":{"line":40,"column":23}},{"start":{"line":40,"column":27},"end":{"line":40,"column":88}}],"line":40}},"s":{"0":17,"1":17,"2":17,"3":17,"4":17,"5":17,"6":2,"7":2,"8":0,"9":0,"10":0,"11":0,"12":2,"13":2,"14":17,"15":0,"16":0,"17":1,"18":1,"19":1,"20":2,"21":0},"f":{"0":17,"1":2,"2":0,"3":0,"4":0,"5":0,"6":1,"7":1,"8":1,"9":2,"10":0},"b":{"0":[0,2],"1":[2,0,0],"2":[17,2]},"_coverageSchema":"1a1c01bbd47fc00a2c39e90264f33305004495a9","hash":"1ebb2d5d134c0fe583f379670dcfd0ab4c26b044"}
,"/Users/aliyahindra/Desktop/FEC-Apricot/e-commerce/client/src/components/questions/QuestionList.jsx": {"path":"/Users/aliyahindra/Desktop/FEC-Apricot/e-commerce/client/src/components/questions/QuestionList.jsx","statementMap":{"0":{"start":{"line":5,"column":2},"end":{"line":9,"column":4}},"1":{"start":{"line":7,"column":38},"end":{"line":7,"column":87}}},"fnMap":{"0":{"name":"QuestionList","decl":{"start":{"line":4,"column":9},"end":{"line":4,"column":21}},"loc":{"start":{"line":4,"column":37},"end":{"line":10,"column":1}},"line":4},"1":{"name":"(anonymous_1)","decl":{"start":{"line":7,"column":21},"end":{"line":7,"column":22}},"loc":{"start":{"line":7,"column":38},"end":{"line":7,"column":87}},"line":7}},"branchMap":{},"s":{"0":5,"1":8},"f":{"0":5,"1":8},"b":{},"_coverageSchema":"1a1c01bbd47fc00a2c39e90264f33305004495a9","hash":"25f617bcbf94279b4d102b3ae8ecf823f19fcd6e"}
,"/Users/aliyahindra/Desktop/FEC-Apricot/e-commerce/client/src/components/questions/QuestionListEntry.jsx": {"path":"/Users/aliyahindra/Desktop/FEC-Apricot/e-commerce/client/src/components/questions/QuestionListEntry.jsx","statementMap":{"0":{"start":{"line":9,"column":32},"end":{"line":9,"column":44}},"1":{"start":{"line":10,"column":34},"end":{"line":10,"column":49}},"2":{"start":{"line":11,"column":32},"end":{"line":11,"column":71}},"3":{"start":{"line":12,"column":26},"end":{"line":12,"column":41}},"4":{"start":{"line":15,"column":2},"end":{"line":19,"column":34}},"5":{"start":{"line":16,"column":4},"end":{"line":18,"column":40}},"6":{"start":{"line":17,"column":22},"end":{"line":17,"column":46}},"7":{"start":{"line":18,"column":22},"end":{"line":18,"column":38}},"8":{"start":{"line":24,"column":21},"end":{"line":32,"column":3}},"9":{"start":{"line":25,"column":4},"end":{"line":25,"column":27}},"10":{"start":{"line":26,"column":4},"end":{"line":26,"column":28}},"11":{"start":{"line":27,"column":4},"end":{"line":31,"column":73}},"12":{"start":{"line":30,"column":18},"end":{"line":30,"column":45}},"13":{"start":{"line":31,"column":22},"end":{"line":31,"column":71}},"14":{"start":{"line":34,"column":2},"end":{"line":64,"column":4}},"15":{"start":{"line":48,"column":32},"end":{"line":48,"column":49}},"16":{"start":{"line":55,"column":87},"end":{"line":55,"column":104}},"17":{"start":{"line":59,"column":50},"end":{"line":59,"column":93}}},"fnMap":{"0":{"name":"QuestionListEntry","decl":{"start":{"line":8,"column":9},"end":{"line":8,"column":26}},"loc":{"start":{"line":8,"column":41},"end":{"line":65,"column":1}},"line":8},"1":{"name":"(anonymous_1)","decl":{"start":{"line":15,"column":12},"end":{"line":15,"column":13}},"loc":{"start":{"line":15,"column":18},"end":{"line":19,"column":3}},"line":15},"2":{"name":"(anonymous_2)","decl":{"start":{"line":17,"column":12},"end":{"line":17,"column":13}},"loc":{"start":{"line":17,"column":22},"end":{"line":17,"column":46}},"line":17},"3":{"name":"(anonymous_3)","decl":{"start":{"line":18,"column":13},"end":{"line":18,"column":14}},"loc":{"start":{"line":18,"column":22},"end":{"line":18,"column":38}},"line":18},"4":{"name":"(anonymous_4)","decl":{"start":{"line":24,"column":21},"end":{"line":24,"column":22}},"loc":{"start":{"line":24,"column":32},"end":{"line":32,"column":3}},"line":24},"5":{"name":"(anonymous_5)","decl":{"start":{"line":30,"column":12},"end":{"line":30,"column":13}},"loc":{"start":{"line":30,"column":18},"end":{"line":30,"column":45}},"line":30},"6":{"name":"(anonymous_6)","decl":{"start":{"line":31,"column":13},"end":{"line":31,"column":14}},"loc":{"start":{"line":31,"column":22},"end":{"line":31,"column":71}},"line":31},"7":{"name":"(anonymous_7)","decl":{"start":{"line":48,"column":21},"end":{"line":48,"column":22}},"loc":{"start":{"line":48,"column":32},"end":{"line":48,"column":49}},"line":48},"8":{"name":"(anonymous_8)","decl":{"start":{"line":55,"column":81},"end":{"line":55,"column":82}},"loc":{"start":{"line":55,"column":87},"end":{"line":55,"column":104}},"line":55},"9":{"name":"(anonymous_9)","decl":{"start":{"line":59,"column":35},"end":{"line":59,"column":36}},"loc":{"start":{"line":59,"column":50},"end":{"line":59,"column":93}},"line":59}},"branchMap":{"0":{"loc":{"start":{"line":56,"column":11},"end":{"line":56,"column":137}},"type":"binary-expr","locations":[{"start":{"line":56,"column":11},"end":{"line":56,"column":19}},{"start":{"line":56,"column":23},"end":{"line":56,"column":137}}],"line":56}},"s":{"0":13,"1":13,"2":13,"3":13,"4":13,"5":12,"6":2,"7":2,"8":13,"9":1,"10":1,"11":1,"12":0,"13":0,"14":13,"15":1,"16":0,"17":0},"f":{"0":13,"1":12,"2":2,"3":2,"4":1,"5":0,"6":0,"7":1,"8":0,"9":0},"b":{"0":[13,0]},"_coverageSchema":"1a1c01bbd47fc00a2c39e90264f33305004495a9","hash":"94b03a9a519622dc6cabc1225900007ef5469d6e"}
,"/Users/aliyahindra/Desktop/FEC-Apricot/e-commerce/client/src/components/questions/Questions.jsx": {"path":"/Users/aliyahindra/Desktop/FEC-Apricot/e-commerce/client/src/components/questions/Questions.jsx","statementMap":{"0":{"start":{"line":10,"column":24},"end":{"line":10,"column":49}},"1":{"start":{"line":11,"column":36},"end":{"line":11,"column":48}},"2":{"start":{"line":12,"column":30},"end":{"line":12,"column":45}},"3":{"start":{"line":13,"column":42},"end":{"line":13,"column":54}},"4":{"start":{"line":15,"column":2},"end":{"line":22,"column":18}},"5":{"start":{"line":16,"column":4},"end":{"line":21,"column":40}},"6":{"start":{"line":18,"column":8},"end":{"line":18,"column":38}},"7":{"start":{"line":19,"column":8},"end":{"line":19,"column":47}},"8":{"start":{"line":21,"column":22},"end":{"line":21,"column":38}},"9":{"start":{"line":24,"column":2},"end":{"line":44,"column":4}},"10":{"start":{"line":36,"column":87},"end":{"line":36,"column":144}},"11":{"start":{"line":38,"column":86},"end":{"line":38,"column":101}}},"fnMap":{"0":{"name":"Questions","decl":{"start":{"line":9,"column":9},"end":{"line":9,"column":18}},"loc":{"start":{"line":9,"column":21},"end":{"line":45,"column":1}},"line":9},"1":{"name":"(anonymous_1)","decl":{"start":{"line":15,"column":12},"end":{"line":15,"column":13}},"loc":{"start":{"line":15,"column":18},"end":{"line":22,"column":3}},"line":15},"2":{"name":"(anonymous_2)","decl":{"start":{"line":17,"column":12},"end":{"line":17,"column":13}},"loc":{"start":{"line":17,"column":22},"end":{"line":20,"column":7}},"line":17},"3":{"name":"(anonymous_3)","decl":{"start":{"line":21,"column":13},"end":{"line":21,"column":14}},"loc":{"start":{"line":21,"column":22},"end":{"line":21,"column":38}},"line":21},"4":{"name":"(anonymous_4)","decl":{"start":{"line":36,"column":81},"end":{"line":36,"column":82}},"loc":{"start":{"line":36,"column":87},"end":{"line":36,"column":144}},"line":36},"5":{"name":"(anonymous_5)","decl":{"start":{"line":38,"column":80},"end":{"line":38,"column":81}},"loc":{"start":{"line":38,"column":86},"end":{"line":38,"column":101}},"line":38}},"branchMap":{"0":{"loc":{"start":{"line":42,"column":7},"end":{"line":42,"column":55}},"type":"binary-expr","locations":[{"start":{"line":42,"column":7},"end":{"line":42,"column":13}},{"start":{"line":42,"column":17},"end":{"line":42,"column":55}}],"line":42}},"s":{"0":3,"1":3,"2":3,"3":3,"4":3,"5":3,"6":3,"7":0,"8":3,"9":3,"10":0,"11":0},"f":{"0":3,"1":3,"2":3,"3":3,"4":0,"5":0},"b":{"0":[3,0]},"_coverageSchema":"1a1c01bbd47fc00a2c39e90264f33305004495a9","hash":"b7cc5366289a36115fce58fa4bd430a3b4f86214"}
,"/Users/aliyahindra/Desktop/FEC-Apricot/e-commerce/client/src/components/questions/Search.jsx": {"path":"/Users/aliyahindra/Desktop/FEC-Apricot/e-commerce/client/src/components/questions/Search.jsx","statementMap":{"0":{"start":{"line":5,"column":28},"end":{"line":5,"column":40}},"1":{"start":{"line":7,"column":23},"end":{"line":16,"column":3}},"2":{"start":{"line":8,"column":4},"end":{"line":8,"column":27}},"3":{"start":{"line":9,"column":4},"end":{"line":14,"column":8}},"4":{"start":{"line":10,"column":6},"end":{"line":10,"column":44}},"5":{"start":{"line":11,"column":6},"end":{"line":13,"column":7}},"6":{"start":{"line":12,"column":8},"end":{"line":12,"column":24}},"7":{"start":{"line":18,"column":2},"end":{"line":25,"column":4}},"8":{"start":{"line":21,"column":140},"end":{"line":21,"column":168}},"9":{"start":{"line":22,"column":94},"end":{"line":22,"column":113}}},"fnMap":{"0":{"name":"Search","decl":{"start":{"line":4,"column":9},"end":{"line":4,"column":15}},"loc":{"start":{"line":4,"column":65},"end":{"line":26,"column":1}},"line":4},"1":{"name":"(anonymous_1)","decl":{"start":{"line":7,"column":23},"end":{"line":7,"column":24}},"loc":{"start":{"line":7,"column":34},"end":{"line":16,"column":3}},"line":7},"2":{"name":"(anonymous_2)","decl":{"start":{"line":9,"column":37},"end":{"line":9,"column":38}},"loc":{"start":{"line":9,"column":51},"end":{"line":14,"column":5}},"line":9},"3":{"name":"(anonymous_3)","decl":{"start":{"line":21,"column":129},"end":{"line":21,"column":130}},"loc":{"start":{"line":21,"column":140},"end":{"line":21,"column":168}},"line":21},"4":{"name":"(anonymous_4)","decl":{"start":{"line":22,"column":83},"end":{"line":22,"column":84}},"loc":{"start":{"line":22,"column":94},"end":{"line":22,"column":113}},"line":22}},"branchMap":{"0":{"loc":{"start":{"line":11,"column":6},"end":{"line":13,"column":7}},"type":"if","locations":[{"start":{"line":11,"column":6},"end":{"line":13,"column":7}},{"start":{},"end":{}}],"line":11}},"s":{"0":8,"1":8,"2":1,"3":1,"4":0,"5":0,"6":0,"7":8,"8":2,"9":1},"f":{"0":8,"1":1,"2":0,"3":2,"4":1},"b":{"0":[0,0]},"_coverageSchema":"1a1c01bbd47fc00a2c39e90264f33305004495a9","hash":"ff4f3a35837f5637f77b2158109042885d284b4a"}
}
