TN:
SF:client/src/parse.js
FN:4,(anonymous_0)
FN:8,(anonymous_1)
FN:12,(anonymous_2)
FN:17,(anonymous_3)
FN:21,(anonymous_4)
FN:25,(anonymous_5)
FN:30,(anonymous_6)
FN:34,(anonymous_7)
FN:38,(anonymous_8)
FNF:9
FNH:0
FNDA:0,(anonymous_0)
FNDA:0,(anonymous_1)
FNDA:0,(anonymous_2)
FNDA:0,(anonymous_3)
FNDA:0,(anonymous_4)
FNDA:0,(anonymous_5)
FNDA:0,(anonymous_6)
FNDA:0,(anonymous_7)
FNDA:0,(anonymous_8)
DA:1,1
DA:3,1
DA:5,0
DA:6,0
DA:9,0
DA:10,0
DA:13,0
DA:18,0
DA:19,0
DA:22,0
DA:23,0
DA:26,0
DA:31,0
DA:32,0
DA:35,0
DA:36,0
DA:39,0
DA:44,1
LF:18
LH:3
BRF:0
BRH:0
end_of_record
TN:
SF:client/src/components/GlobalContext.jsx
FN:8,GlobalContextProvider
FN:12,(anonymous_1)
FN:15,(anonymous_2)
FN:16,(anonymous_3)
FN:18,(anonymous_4)
FNF:5
FNH:0
FNDA:0,GlobalContextProvider
FNDA:0,(anonymous_1)
FNDA:0,(anonymous_2)
FNDA:0,(anonymous_3)
FNDA:0,(anonymous_4)
DA:6,1
DA:9,0
DA:10,0
DA:11,0
DA:12,0
DA:15,0
DA:16,0
DA:17,0
DA:19,0
DA:23,0
LF:10
LH:1
BRF:0
BRH:0
end_of_record
TN:
SF:client/src/components/overview/OverviewContext.jsx
FN:13,OverviewContextProvider
FN:18,(anonymous_1)
FN:26,(anonymous_2)
FN:28,(anonymous_3)
FN:32,(anonymous_4)
FNF:5
FNH:0
FNDA:0,OverviewContextProvider
FNDA:0,(anonymous_1)
FNDA:0,(anonymous_2)
FNDA:0,(anonymous_3)
FNDA:0,(anonymous_4)
DA:11,1
DA:14,0
DA:15,0
DA:16,0
DA:17,0
DA:18,0
DA:26,0
DA:27,0
DA:29,0
DA:30,0
DA:33,0
DA:37,0
LF:12
LH:1
BRF:0
BRH:0
end_of_record
TN:
SF:client/src/components/overview/StyleSelector.jsx
FN:59,StyleSelector
FN:75,(anonymous_1)
FN:78,(anonymous_2)
FNF:3
FNH:3
FNDA:6,StyleSelector
FNDA:12,(anonymous_1)
FNDA:1,(anonymous_2)
DA:5,1
DA:12,1
DA:16,1
DA:20,1
DA:24,1
DA:30,1
DA:34,1
DA:42,1
DA:60,6
DA:62,6
DA:76,12
DA:79,1
LF:12
LH:12
BRDA:67,0,0,6
BRDA:67,0,1,0
BRDA:75,1,0,6
BRDA:75,1,1,6
BRDA:86,2,0,12
BRDA:86,2,1,6
BRF:6
BRH:5
end_of_record
TN:
SF:client/src/components/overview/mockProductData.js
FNF:0
FNH:0
DA:1,1
DA:19,1
LF:2
LH:2
BRF:0
BRH:0
end_of_record
