TN:
SF:client/src/parse.js
FN:4,(anonymous_0)
FN:8,(anonymous_1)
FN:12,(anonymous_2)
FN:17,(anonymous_3)
FN:21,(anonymous_4)
FN:25,(anonymous_5)
FN:30,(anonymous_6)
FN:34,(anonymous_7)
FN:38,(anonymous_8)
FNF:9
FNH:2
FNDA:33,(anonymous_0)
FNDA:0,(anonymous_1)
FNDA:17,(anonymous_2)
FNDA:0,(anonymous_3)
FNDA:0,(anonymous_4)
FNDA:0,(anonymous_5)
FNDA:0,(anonymous_6)
FNDA:0,(anonymous_7)
FNDA:0,(anonymous_8)
DA:1,5
DA:3,5
DA:5,33
DA:6,33
DA:9,0
DA:10,0
DA:13,17
DA:18,0
DA:19,0
DA:22,0
DA:23,0
DA:26,0
DA:31,0
DA:32,0
DA:35,0
DA:36,0
DA:39,0
DA:44,5
LF:18
LH:6
BRF:0
BRH:0
end_of_record
TN:
SF:client/src/components/GlobalContext.jsx
FN:8,GlobalContextProvider
FN:12,(anonymous_1)
FN:15,(anonymous_2)
FN:17,(anonymous_3)
FNF:4
FNH:4
FNDA:25,GlobalContextProvider
FNDA:19,(anonymous_1)
FNDA:22,(anonymous_2)
FNDA:14,(anonymous_3)
DA:6,5
DA:9,25
DA:10,25
DA:11,25
DA:12,19
DA:15,25
DA:16,22
DA:17,14
DA:20,25
LF:9
LH:9
BRF:0
BRH:0
end_of_record
TN:
SF:client/src/components/questions/AnswerForm.jsx
FN:8,AnswerForm
FN:19,(anonymous_1)
FN:28,(anonymous_2)
FN:31,(anonymous_3)
FN:40,(anonymous_4)
FN:48,(anonymous_5)
FN:54,(anonymous_6)
FN:58,(anonymous_7)
FN:62,(anonymous_8)
FN:75,(anonymous_9)
FN:86,(anonymous_10)
FNF:11
FNH:1
FNDA:6,AnswerForm
FNDA:0,(anonymous_1)
FNDA:0,(anonymous_2)
FNDA:0,(anonymous_3)
FNDA:0,(anonymous_4)
FNDA:0,(anonymous_5)
FNDA:0,(anonymous_6)
FNDA:0,(anonymous_7)
FNDA:0,(anonymous_8)
FNDA:0,(anonymous_9)
FNDA:0,(anonymous_10)
DA:10,6
DA:12,6
DA:13,6
DA:14,6
DA:15,6
DA:19,6
DA:20,0
DA:21,0
DA:22,0
DA:23,0
DA:28,0
DA:31,0
DA:33,0
DA:34,0
DA:38,6
DA:40,0
DA:48,0
DA:54,0
DA:58,0
DA:62,0
DA:76,0
DA:86,0
LF:22
LH:7
BRDA:21,0,0,0
BRDA:21,0,1,0
BRDA:21,1,0,0
BRDA:21,1,1,0
BRDA:21,1,2,0
BRDA:46,2,0,6
BRDA:46,2,1,0
BRF:7
BRH:1
end_of_record
TN:
SF:client/src/components/questions/AnswerListEntry.jsx
FN:6,AnswerListEntry
FN:10,changeText
FN:15,(anonymous_2)
FN:21,(anonymous_3)
FN:22,(anonymous_4)
FN:37,(anonymous_5)
FN:41,(anonymous_6)
FNF:7
FNH:1
FNDA:2,AnswerListEntry
FNDA:0,changeText
FNDA:0,(anonymous_2)
FNDA:0,(anonymous_3)
FNDA:0,(anonymous_4)
FNDA:0,(anonymous_5)
FNDA:0,(anonymous_6)
DA:7,2
DA:8,2
DA:11,0
DA:15,2
DA:16,0
DA:17,0
DA:18,0
DA:21,0
DA:22,0
DA:25,2
DA:37,0
DA:41,0
LF:12
LH:4
BRF:0
BRH:0
end_of_record
TN:
SF:client/src/components/questions/QuestionForm.jsx
FN:7,QuestionFrom
FN:14,(anonymous_1)
FN:24,(anonymous_2)
FN:25,(anonymous_3)
FN:34,(anonymous_4)
FN:42,(anonymous_5)
FN:48,(anonymous_6)
FN:52,(anonymous_7)
FN:56,(anonymous_8)
FN:69,(anonymous_9)
FN:80,(anonymous_10)
FNF:11
FNH:1
FNDA:6,QuestionFrom
FNDA:0,(anonymous_1)
FNDA:0,(anonymous_2)
FNDA:0,(anonymous_3)
FNDA:0,(anonymous_4)
FNDA:0,(anonymous_5)
FNDA:0,(anonymous_6)
FNDA:0,(anonymous_7)
FNDA:0,(anonymous_8)
FNDA:0,(anonymous_9)
FNDA:0,(anonymous_10)
DA:8,6
DA:9,6
DA:10,6
DA:11,6
DA:12,6
DA:14,6
DA:15,0
DA:16,0
DA:17,0
DA:18,0
DA:24,0
DA:25,0
DA:27,0
DA:28,0
DA:32,6
DA:34,0
DA:42,0
DA:48,0
DA:52,0
DA:56,0
DA:70,0
DA:80,0
LF:22
LH:7
BRDA:16,0,0,0
BRDA:16,0,1,0
BRDA:16,1,0,0
BRDA:16,1,1,0
BRDA:16,1,2,0
BRDA:40,2,0,6
BRDA:40,2,1,0
BRF:7
BRH:1
end_of_record
TN:
SF:client/src/components/questions/QuestionList.jsx
FN:4,QuestionList
FN:7,(anonymous_1)
FNF:2
FNH:2
FNDA:5,QuestionList
FNDA:8,(anonymous_1)
DA:5,5
DA:7,8
LF:2
LH:2
BRF:0
BRH:0
end_of_record
TN:
SF:client/src/components/questions/QuestionListEntry.jsx
FN:8,QuestionListEntry
FN:15,(anonymous_1)
FN:17,(anonymous_2)
FN:18,(anonymous_3)
FN:24,(anonymous_4)
FN:30,(anonymous_5)
FN:31,(anonymous_6)
FN:48,(anonymous_7)
FN:55,(anonymous_8)
FN:59,(anonymous_9)
FNF:10
FNH:2
FNDA:8,QuestionListEntry
FNDA:8,(anonymous_1)
FNDA:0,(anonymous_2)
FNDA:0,(anonymous_3)
FNDA:0,(anonymous_4)
FNDA:0,(anonymous_5)
FNDA:0,(anonymous_6)
FNDA:0,(anonymous_7)
FNDA:0,(anonymous_8)
FNDA:0,(anonymous_9)
DA:9,8
DA:10,8
DA:11,8
DA:12,8
DA:15,8
DA:16,8
DA:17,0
DA:18,0
DA:24,8
DA:25,0
DA:26,0
DA:27,0
DA:30,0
DA:31,0
DA:34,8
DA:48,0
DA:55,0
DA:59,0
LF:18
LH:8
BRDA:56,0,0,8
BRDA:56,0,1,0
BRF:2
BRH:1
end_of_record
TN:
SF:client/src/components/questions/Questions.jsx
FN:9,Questions
FN:15,(anonymous_1)
FN:17,(anonymous_2)
FN:21,(anonymous_3)
FN:36,(anonymous_4)
FN:38,(anonymous_5)
FNF:6
FNH:4
FNDA:3,Questions
FNDA:3,(anonymous_1)
FNDA:3,(anonymous_2)
FNDA:3,(anonymous_3)
FNDA:0,(anonymous_4)
FNDA:0,(anonymous_5)
DA:10,3
DA:11,3
DA:12,3
DA:13,3
DA:15,3
DA:16,3
DA:18,3
DA:19,0
DA:21,3
DA:24,3
DA:36,0
DA:38,0
LF:12
LH:9
BRDA:42,0,0,3
BRDA:42,0,1,0
BRF:2
BRH:1
end_of_record
TN:
SF:client/src/components/questions/Search.jsx
FN:4,Search
FN:7,(anonymous_1)
FN:9,(anonymous_2)
FN:21,(anonymous_3)
FN:22,(anonymous_4)
FNF:5
FNH:1
FNDA:3,Search
FNDA:0,(anonymous_1)
FNDA:0,(anonymous_2)
FNDA:0,(anonymous_3)
FNDA:0,(anonymous_4)
DA:5,3
DA:7,3
DA:8,0
DA:9,0
DA:10,0
DA:11,0
DA:12,0
DA:18,3
DA:21,0
DA:22,0
LF:10
LH:3
BRDA:11,0,0,0
BRDA:11,0,1,0
BRF:2
BRH:0
end_of_record
